<?xml version="1.0" encoding="UTF-8"?>
<!-- Generated by org.testng.reporters.JUnitReportReporter -->
<testsuite skipped="0" hostname="Nipun" name="com.w2a.testcases.BankManagerLoginTest" tests="1" failures="0" timestamp="17 Jan 2019 03:11:21 GMT" time="3.278" errors="0">
  <testcase name="loginAsbankManager" time="3.278" classname="com.w2a.testcases.BankManagerLoginTest"/>
</testsuite> <!-- com.w2a.testcases.BankManagerLoginTest -->
