<?xml version="1.0" encoding="UTF-8"?>
<!-- Generated by org.testng.reporters.JUnitReportReporter -->
<testsuite skipped="0" hostname="Nipun" name="com.w2a.testcases.LoginTest" tests="1" failures="0" timestamp="10 Jan 2019 01:48:56 GMT" time="3.228" errors="0">
  <testcase name="loginAsbankManager" time="3.228" classname="com.w2a.testcases.LoginTest"/>
</testsuite> <!-- com.w2a.testcases.LoginTest -->
