<?xml version="1.0" encoding="UTF-8"?>
<!-- Generated by org.testng.reporters.JUnitReportReporter -->
<testsuite skipped="0" hostname="Nipun" name="com.w2a.testcases.AddCustomerTest" tests="1" failures="0" timestamp="01 Feb 2019 02:55:07 GMT" time="1.732" errors="0">
  <testcase name="addCustomer" time="1.732" classname="com.w2a.testcases.AddCustomerTest"/>
</testsuite> <!-- com.w2a.testcases.AddCustomerTest -->
