<?xml version="1.0" encoding="UTF-8"?>
<!-- Generated by org.testng.reporters.JUnitReportReporter -->
<testsuite skipped="0" hostname="Nipun" name="com.w2a.testcases.AddCustomerTest" tests="1" failures="0" timestamp="17 Jan 2019 03:11:21 GMT" time="4.359" errors="0">
  <testcase name="addCustomer" time="4.359" classname="com.w2a.testcases.AddCustomerTest"/>
</testsuite> <!-- com.w2a.testcases.AddCustomerTest -->
